<?xml version="1.0" encoding="UTF-8"?>
<!-- Generated by org.testng.reporters.JUnitReportReporter -->
<testsuite skipped="2" hostname="KOR1122636" name="test.Filter_Validation" tests="2" failures="0" timestamp="03 Feb 2022 05:22:26 GMT" time="0.000" errors="0">
  <testcase name="Filter_Voltage" time="0.000" classname="test.Filter_Validation">
    <skipped/>
  </testcase> <!-- Filter_Voltage -->
  <testcase name="Filter_Products" time="0.000" classname="test.Filter_Validation">
    <skipped/>
  </testcase> <!-- Filter_Products -->
</testsuite> <!-- test.Filter_Validation -->
