<?xml version="1.0" encoding="UTF-8"?>
<!-- Generated by org.testng.reporters.JUnitReportReporter -->
<testsuite skipped="3" hostname="KOR1122636" name="test.Eshop_SK_CZ" tests="3" failures="0" timestamp="03 Feb 2022 05:22:27 GMT" time="0.000" errors="0">
  <testcase name="DremelEshop" time="0.000" classname="test.Eshop_SK_CZ">
    <skipped/>
  </testcase> <!-- DremelEshop -->
  <testcase name="SkillEshop" time="0.000" classname="test.Eshop_SK_CZ">
    <skipped/>
  </testcase> <!-- SkillEshop -->
  <testcase name="Eshopflow" time="0.000" classname="test.Eshop_SK_CZ">
    <skipped/>
  </testcase> <!-- Eshopflow -->
</testsuite> <!-- test.Eshop_SK_CZ -->
