<?xml version="1.0" encoding="UTF-8"?>
<!-- Generated by org.testng.reporters.JUnitReportReporter -->
<testsuite skipped="4" hostname="KOR1122636" name="test.Explosion_Diagram" tests="4" failures="0" timestamp="03 Feb 2022 05:22:26 GMT" time="0.000" errors="0">
  <testcase name="SkillEshop" time="0.000" classname="test.Explosion_Diagram">
    <skipped/>
  </testcase> <!-- SkillEshop -->
  <testcase name="DremelEshop" time="0.000" classname="test.Explosion_Diagram">
    <skipped/>
  </testcase> <!-- DremelEshop -->
  <testcase name="Explosion_Headers" time="0.000" classname="test.Explosion_Diagram">
    <skipped/>
  </testcase> <!-- Explosion_Headers -->
  <testcase name="Explosion" time="0.000" classname="test.Explosion_Diagram">
    <skipped/>
  </testcase> <!-- Explosion -->
</testsuite> <!-- test.Explosion_Diagram -->
