<?xml version="1.0" encoding="UTF-8"?>
<!-- Generated by org.testng.reporters.JUnitReportReporter -->
<testsuite skipped="1" hostname="KOR1122636" name="test.Eorder_DREMEL" tests="1" failures="0" timestamp="03 Feb 2022 05:22:27 GMT" time="0.000" errors="0">
  <testcase name="EorderDremelflow" time="0.000" classname="test.Eorder_DREMEL">
    <skipped/>
  </testcase> <!-- EorderDremelflow -->
</testsuite> <!-- test.Eorder_DREMEL -->
