<?xml version="1.0" encoding="UTF-8"?>
<!-- Generated by org.testng.reporters.JUnitReportReporter -->
<testsuite skipped="3" hostname="KOR1122636" name="test.ParallelTest" tests="3" failures="0" timestamp="03 Feb 2022 05:22:26 GMT" time="0.000" errors="0">
  <testcase name="TestTwoDriverInst" time="0.000" classname="test.ParallelTest">
    <skipped/>
  </testcase> <!-- TestTwoDriverInst -->
  <testcase name="YoutubePage" time="0.000" classname="test.ParallelTest">
    <skipped/>
  </testcase> <!-- YoutubePage -->
  <testcase name="GooglePage" time="0.000" classname="test.ParallelTest">
    <skipped/>
  </testcase> <!-- GooglePage -->
</testsuite> <!-- test.ParallelTest -->
