<?xml version="1.0" encoding="UTF-8"?>
<!-- Generated by org.testng.reporters.JUnitReportReporter -->
<testsuite skipped="1" hostname="KOR1122636" name="test.Print_Dremel" tests="1" failures="0" timestamp="03 Feb 2022 05:22:26 GMT" time="0.000" errors="0">
  <testcase name="PrintDremel" time="0.000" classname="test.Print_Dremel">
    <skipped/>
  </testcase> <!-- PrintDremel -->
</testsuite> <!-- test.Print_Dremel -->
