<?xml version="1.0" encoding="UTF-8"?>
<!-- Generated by org.testng.reporters.JUnitReportReporter -->
<testsuite skipped="3" hostname="KOR1122636" name="test.SampleTestBrowser" tests="3" failures="0" timestamp="03 Feb 2022 05:22:27 GMT" time="0.000" errors="0">
  <testcase name="SampleTestMethod" time="0.000" classname="test.SampleTestBrowser">
    <skipped/>
  </testcase> <!-- SampleTestMethod -->
  <testcase name="SampleTestMethod3" time="0.000" classname="test.SampleTestBrowser">
    <skipped/>
  </testcase> <!-- SampleTestMethod3 -->
  <testcase name="SampleTestMethod2" time="0.000" classname="test.SampleTestBrowser">
    <skipped/>
  </testcase> <!-- SampleTestMethod2 -->
</testsuite> <!-- test.SampleTestBrowser -->
