<?xml version="1.0" encoding="UTF-8"?>
<!-- Generated by org.testng.reporters.JUnitReportReporter -->
<testsuite skipped="1" hostname="KOR1122636" name="test.Eorder_Romania" tests="1" failures="0" timestamp="03 Feb 2022 05:22:27 GMT" time="0.000" errors="0">
  <testcase name="Eorderflow_RO" time="0.000" classname="test.Eorder_Romania">
    <skipped/>
  </testcase> <!-- Eorderflow_RO -->
</testsuite> <!-- test.Eorder_Romania -->
