<?xml version="1.0" encoding="UTF-8"?>
<!-- Generated by org.testng.reporters.JUnitReportReporter -->
<testsuite skipped="3" hostname="KOR1122636" name="test.Print_RU_US" tests="3" failures="0" timestamp="03 Feb 2022 05:22:27 GMT" time="0.000" errors="0">
  <testcase name="PrintSkill" time="0.000" classname="test.Print_RU_US">
    <skipped/>
  </testcase> <!-- PrintSkill -->
  <testcase name="Printflow" time="0.000" classname="test.Print_RU_US">
    <skipped/>
  </testcase> <!-- Printflow -->
  <testcase name="PrintDremel" time="0.000" classname="test.Print_RU_US">
    <skipped/>
  </testcase> <!-- PrintDremel -->
</testsuite> <!-- test.Print_RU_US -->
