<?xml version="1.0" encoding="UTF-8"?>
<!-- Generated by org.testng.reporters.JUnitReportReporter -->
<testsuite skipped="3" hostname="KOR1122636" name="test.Print_Eorder_Validation" tests="3" failures="0" timestamp="03 Feb 2022 05:22:26 GMT" time="0.000" errors="0">
  <testcase name="Validation" time="0.000" classname="test.Print_Eorder_Validation">
    <skipped/>
  </testcase> <!-- Validation -->
  <testcase name="ValidationDremel" time="0.000" classname="test.Print_Eorder_Validation">
    <skipped/>
  </testcase> <!-- ValidationDremel -->
  <testcase name="ValidationSkill" time="0.000" classname="test.Print_Eorder_Validation">
    <skipped/>
  </testcase> <!-- ValidationSkill -->
</testsuite> <!-- test.Print_Eorder_Validation -->
